<?xml version="1.0" encoding="UTF-8"?>
<!-- Generated by org.testng.reporters.JUnitXMLReporter -->
<testsuite ignored="2" hostname="DESKTOP-4OKVR2V" failures="0" tests="3" name="RegressionTest" time="0.11" errors="0" timestamp="2022-11-10T16:18:46 IST">
  <testcase classname="Testng_basics.Working_groups" name="Register" time="0.013"/>
  <testcase classname="Testng_basics.Working_groups" name="Login" time="0.003"/>
  <testcase classname="Testng_basics.Working_groups" name="Search" time="0.003"/>
  <testcase classname="Testng_basics.Working_groups" name="Wishlist" time="0.0">
    <ignored/>
  </testcase> <!-- Wishlist -->
  <testcase classname="Testng_basics.Working_groups" name="Logout" time="0.0">
    <ignored/>
  </testcase> <!-- Logout -->
</testsuite> <!-- RegressionTest -->
