<?xml version="1.0" encoding="UTF-8"?>
<testng-results ignored="0" total="1" passed="1" failed="0" skipped="0">
  <reporter-output>
  </reporter-output>
  <suite started-at="2022-11-24T13:16:59 IST" name="Default suite" finished-at="2022-11-24T13:17:11 IST" duration-ms="11945">
    <groups>
    </groups>
    <test started-at="2022-11-24T13:16:59 IST" name="Default test" finished-at="2022-11-24T13:17:11 IST" duration-ms="11945">
      <class name="Test_cases.Advance_search">
        <test-method is-config="true" signature="Browsersetup()[pri:0, instance:Test_cases.Advance_search@5d0bf09b]" started-at="2022-11-24T13:16:59 IST" name="Browsersetup" finished-at="2022-11-24T13:17:06 IST" duration-ms="6947" status="PASS">
          <reporter-output>
          </reporter-output>
        </test-method> <!-- Browsersetup -->
        <test-method signature="demo(java.lang.String,java.lang.String,java.lang.String,java.lang.String,java.lang.String)[pri:0, instance:Test_cases.Advance_search@5d0bf09b]" started-at="2022-11-24T13:17:08 IST" name="demo" data-provider="advancesearch" finished-at="2022-11-24T13:17:11 IST" duration-ms="3068" status="PASS">
          <params>
            <param index="0">
              <value>
                <![CDATA[shoorts]]>
              </value>
            </param>
            <param index="1">
              <value>
                <![CDATA[Computers]]>
              </value>
            </param>
            <param index="2">
              <value>
                <![CDATA[Tricentis]]>
              </value>
            </param>
            <param index="3">
              <value>
                <![CDATA[1000]]>
              </value>
            </param>
            <param index="4">
              <value>
                <![CDATA[90000]]>
              </value>
            </param>
          </params>
          <reporter-output>
          </reporter-output>
        </test-method> <!-- demo -->
        <test-method is-config="true" signature="Teardown()[pri:0, instance:Test_cases.Advance_search@5d0bf09b]" started-at="2022-11-24T13:17:11 IST" name="Teardown" finished-at="2022-11-24T13:17:11 IST" duration-ms="351" status="PASS">
          <reporter-output>
          </reporter-output>
        </test-method> <!-- Teardown -->
      </class> <!-- Test_cases.Advance_search -->
    </test> <!-- Default test -->
  </suite> <!-- Default suite -->
</testng-results>
